<?xml version="1.0" encoding="UTF-8"?>
<testsuite name="ru.stqa.pft.addressbook.tests.GroupModificationTests" tests="1" skipped="0" failures="0" errors="0" timestamp="2018-01-15T19:18:09" hostname="Alexandr-PC" time="1.75">
  <properties/>
  <testcase name="GroupTestModification" classname="ru.stqa.pft.addressbook.tests.GroupModificationTests" time="1.75"/>
  <system-out><![CDATA[]]></system-out>
  <system-err><![CDATA[]]></system-err>
</testsuite>
